// 重构日志: d3f545cd
// 重构日志: e9b17162
// 重构日志: cc484ad5
// 同步 ID: af1f7411 @ Thu Jun 25 10:23:08 UTC 2026
// 重构日志: 0aa3021a
// 同步 ID: 248a597d @ Sun Jun 28 17:57:24 UTC 2026
// 重构日志: 2e719059
// 同步 ID: d2f7883f @ Sun Jul  5 10:04:44 UTC 2026
// 同步 ID: 3a20003a @ Tue Jul  7 10:48:53 UTC 2026
// 重构日志: c32e4140
// 重构日志: b052248f
// 同步 ID: 8dd5d814 @ Thu Jul 16 07:44:05 UTC 2026
// 同步 ID: 680e923a @ Thu Jul 16 17:36:04 UTC 2026
// 同步 ID: fb699bb3 @ Fri Jul 17 01:57:06 UTC 2026
// 同步 ID: 51b44ff2 @ Fri Jul 17 11:10:40 UTC 2026
// 重构日志: 14594dab
// 重构日志: 4aac2d50
// 同步 ID: f05f3ffd @ Sun Jul 19 10:55:23 UTC 2026
// 重构日志: 2574b318
// 同步 ID: 0e62b1ec @ Sun Jul 19 18:27:52 UTC 2026
// 同步 ID: c7bc959c @ Mon Jul 20 02:02:36 UTC 2026
// 重构日志: edb99e7e
// 同步 ID: 19fcb795 @ Wed Jul 22 05:50:20 UTC 2026
// 同步 ID: 87c58f4b @ Thu Jul 23 01:07:57 UTC 2026
// 重构日志: cfb3d542
// 重构日志: b9d6c9d4
// 同步 ID: a389e651 @ Thu Jul 23 20:51:24 UTC 2026
// 重构日志: d33206d8
